<?xml version="1.0" encoding="utf-8"?><testsuites name="pytest tests"><testsuite name="pytest" errors="0" failures="0" skipped="0" tests="58" time="10.203" timestamp="2026-09-07T11:27:45.980868+05:30" hostname="Vivz-HP"><testcase classname="tests.test_accounts" name="test_account_crud_integration" time="0.549" /><testcase classname="tests.test_approvals_api" name="test_list_approvals_and_queue_alias" time="0.123" /><testcase classname="tests.test_approvals_api" name="test_get_approval_item_detail" time="0.027" /><testcase classname="tests.test_approvals_api" name="test_approval_actions_state_transitions" time="0.045" /><testcase classname="tests.test_approvals_api" name="test_approval_decision_invalid_state_rejection" time="0.014" /><testcase classname="tests.test_campaigns" name="test_campaign_crud_integration" time="0.609" /><testcase classname="tests.test_contacts" name="test_contact_crud_integration" time="0.489" /><testcase classname="tests.test_db" name="test_tenant_transaction_context" time="0.046" /><testcase classname="tests.test_deliveries_api" name="test_delivery_approval_gate_enforcement" time="0.035" /><testcase classname="tests.test_deliveries_api" name="test_delivery_idempotency_returns_existing" time="0.016" /><testcase classname="tests.test_deliveries_api" name="test_resend_webhook_updates_delivery_status" time="0.025" /><testcase classname="tests.test_e2e_workflow" name="test_complete_11_stage_acceptance_workflow" time="1.527" /><testcase classname="tests.test_e2e_workflow" name="test_campaign_free_draft_creation" time="0.120" /><testcase classname="tests.test_groq_provider" name="test_groq_provider_missing_key_raises" time="0.003" /><testcase classname="tests.test_groq_provider" name="test_groq_provider_whitespace_key_raises" time="0.001" /><testcase classname="tests.test_groq_provider" name="test_groq_provider_successful_generation" time="0.003" /><testcase classname="tests.test_groq_provider" name="test_groq_provider_fallback_evidence_when_model_omits" time="0.002" /><testcase classname="tests.test_groq_provider" name="test_groq_provider_invalid_json_raises_value_error" time="0.002" /><testcase classname="tests.test_groq_provider" name="test_groq_provider_empty_choices_raises_value_error" time="0.002" /><testcase classname="tests.test_groq_provider" name="test_groq_provider_api_error_raises_value_error" time="0.006" /><testcase classname="tests.test_health" name="test_health_check_returns_ok" time="0.015" /><testcase classname="tests.test_hubspot" name="test_get_hubspot_connection_status_and_authorize" time="0.020" /><testcase classname="tests.test_hubspot" name="test_hubspot_authorize_production_url" time="0.016" /><testcase classname="tests.test_hubspot" name="test_oauth_v3_callback_stores_tokens_encrypted" time="0.270" /><testcase classname="tests.test_hubspot" name="test_trigger_hubspot_sync_and_list_runs" time="0.032" /><testcase classname="tests.test_hubspot" name="test_hubspot_sync_run_not_found" time="0.011" /><testcase classname="tests.test_hubspot" name="test_hubspot_webhook_endpoint" time="0.011" /><testcase classname="tests.test_hubspot" name="test_hubspot_adapter_v4_association_resolution_and_v3_apis" time="0.011" /><testcase classname="tests.test_hubspot" name="test_hubspot_adapter_association_fallback_on_error" time="0.004" /><testcase classname="tests.test_inbound_conversations" name="test_simulator_workspace_spoofing_blocked" time="0.058" /><testcase classname="tests.test_inbound_conversations" name="test_simulator_success" time="0.014" /><testcase classname="tests.test_inbound_conversations" name="test_simulator_duplicate_inbound_event" time="0.013" /><testcase classname="tests.test_outreach" name="test_outreach_draft_versioning_and_delivery" time="0.267" /><testcase classname="tests.test_reply_classifier" name="test_classify_unsubscribe_opt_out" time="0.001" /><testcase classname="tests.test_reply_classifier" name="test_classify_out_of_office" time="0.001" /><testcase classname="tests.test_reply_classifier" name="test_classify_referral" time="0.001" /><testcase classname="tests.test_reply_classifier" name="test_classify_objection" time="0.002" /><testcase classname="tests.test_reply_classifier" name="test_classify_not_now" time="0.002" /><testcase classname="tests.test_reply_classifier" name="test_classify_interested" time="0.001" /><testcase classname="tests.test_reply_classifier" name="test_classify_question" time="0.002" /><testcase classname="tests.test_reply_classifier" name="test_classify_ambiguous_fallback" time="0.001" /><testcase classname="tests.test_reply_classifier" name="test_classification_priority_order" time="0.001" /><testcase classname="tests.test_reports" name="test_compute_workspace_metrics_contacts_gt_zero_enrollments_zero" time="0.011" /><testcase classname="tests.test_reports" name="test_compute_workspace_metrics_with_enrollments" time="0.015" /><testcase classname="tests.test_reports" name="test_reports_api_generate_and_list" time="0.019" /><testcase classname="tests.test_resend_provider" name="test_resend_provider_missing_key_raises" time="0.001" /><testcase classname="tests.test_resend_provider" name="test_resend_provider_whitespace_key_raises" time="0.001" /><testcase classname="tests.test_resend_provider" name="test_resend_provider_send_success_dict_response" time="0.002" /><testcase classname="tests.test_resend_provider" name="test_resend_provider_send_success_object_response" time="0.002" /><testcase classname="tests.test_resend_provider" name="test_resend_provider_empty_message_id_raises_value_error" time="0.002" /><testcase classname="tests.test_resend_provider" name="test_resend_provider_api_error_raises_value_error" time="0.002" /><testcase classname="tests.test_rls_isolation" name="test_rls_cross_workspace_isolation" time="0.349" /><testcase classname="tests.test_sequences_api" name="test_create_and_get_campaign_sequence" time="0.020" /><testcase classname="tests.test_sequences_api" name="test_sequence_enrollment_lifecycle" time="0.043" /><testcase classname="tests.test_sequences_api" name="test_evaluate_sequence_stop_conditions" time="0.004" /><testcase classname="tests.test_simple" name="test_simple" time="0.002" /><testcase classname="tests.test_worker_synthesis" name="test_groq_provider_research_synthesis_success" time="0.006" /><testcase classname="tests.test_worker_synthesis" name="test_worker_research_generation_fallback_when_no_api_key" time="0.004" /></testsuite></testsuites>