{"numTotalTestSuites":51,"numPassedTestSuites":51,"numFailedTestSuites":0,"numPendingTestSuites":0,"numTotalTests":113,"numPassedTests":113,"numFailedTests":0,"numPendingTests":0,"numTodoTests":0,"snapshot":{"added":0,"failure":false,"filesAdded":0,"filesRemoved":0,"filesRemovedList":[],"filesUnmatched":0,"filesUpdated":0,"matched":0,"total":0,"unchecked":0,"uncheckedKeysByFile":[],"unmatched":0,"updated":0,"didUpdate":false},"startTime":1788760679311,"success":true,"testResults":[{"assertionResults":[{"ancestorTitles":["Auth Middleware"],"fullName":"Auth Middleware redirects unauthenticated user from protected route to /login","status":"passed","title":"redirects unauthenticated user from protected route to /login","duration":26.338200000000143,"failureMessages":[],"meta":{}},{"ancestorTitles":["Auth Middleware"],"fullName":"Auth Middleware allows unauthenticated user to access public route /login","status":"passed","title":"allows unauthenticated user to access public route /login","duration":3.1215000000001965,"failureMessages":[],"meta":{}},{"ancestorTitles":["Auth Middleware"],"fullName":"Auth Middleware redirects authenticated user from /login to /","status":"passed","title":"redirects authenticated user from /login to /","duration":3.6118999999998778,"failureMessages":[],"meta":{}},{"ancestorTitles":["Auth Middleware"],"fullName":"Auth Middleware allows authenticated user to access protected route","status":"passed","title":"allows authenticated user to access protected route","duration":2.157000000000153,"failureMessages":[],"meta":{}},{"ancestorTitles":["Auth Middleware"],"fullName":"Auth Middleware allows unauthenticated user to access public route /signup","status":"passed","title":"allows unauthenticated user to access public route /signup","duration":2.425799999999981,"failureMessages":[],"meta":{}},{"ancestorTitles":["Auth Middleware"],"fullName":"Auth Middleware allows unauthenticated user to access public route /forgot-password","status":"passed","title":"allows unauthenticated user to access public route /forgot-password","duration":5.201499999999214,"failureMessages":[],"meta":{}},{"ancestorTitles":["Auth Middleware"],"fullName":"Auth Middleware allows unauthenticated user to access public route /reset-password","status":"passed","title":"allows unauthenticated user to access public route /reset-password","duration":2.2676999999994223,"failureMessages":[],"meta":{}},{"ancestorTitles":["Auth Middleware"],"fullName":"Auth Middleware redirects authenticated user from /signup to /","status":"passed","title":"redirects authenticated user from /signup to /","duration":3.976599999999962,"failureMessages":[],"meta":{}},{"ancestorTitles":["Auth Middleware"],"fullName":"Auth Middleware redirects authenticated user from /forgot-password to /","status":"passed","title":"redirects authenticated user from /forgot-password to /","duration":3.7635999999993146,"failureMessages":[],"meta":{}},{"ancestorTitles":["Auth Middleware"],"fullName":"Auth Middleware allows authenticated user to access /reset-password (recovery session flow)","status":"passed","title":"allows authenticated user to access /reset-password (recovery session flow)","duration":7.023599999999533,"failureMessages":[],"meta":{}}],"startTime":1788760685315,"endTime":1788760685376.0237,"status":"passed","message":"","name":"C:/Users/HP/Downloads/SalesOS_ProJ/frontend/src/middleware.test.ts"},{"assertionResults":[{"ancestorTitles":["ForgotPasswordPage"],"fullName":"ForgotPasswordPage renders forgot password form with email field and send button","status":"passed","title":"renders forgot password form with email field and send button","duration":525.1266999999998,"failureMessages":[],"meta":{}},{"ancestorTitles":["ForgotPasswordPage"],"fullName":"ForgotPasswordPage renders back to sign in link","status":"passed","title":"renders back to sign in link","duration":228.60829999999987,"failureMessages":[],"meta":{}},{"ancestorTitles":["ForgotPasswordPage"],"fullName":"ForgotPasswordPage shows success state after sending reset link","status":"passed","title":"shows success state after sending reset link","duration":274.21780000000035,"failureMessages":[],"meta":{}},{"ancestorTitles":["ForgotPasswordPage"],"fullName":"ForgotPasswordPage passes correct redirectTo through /auth/callback","status":"passed","title":"passes correct redirectTo through /auth/callback","duration":129.33670000000075,"failureMessages":[],"meta":{}},{"ancestorTitles":["ForgotPasswordPage"],"fullName":"ForgotPasswordPage displays error when reset email fails","status":"passed","title":"displays error when reset email fails","duration":153.6893999999993,"failureMessages":[],"meta":{}}],"startTime":1788760692558,"endTime":1788760693880.6895,"status":"passed","message":"","name":"C:/Users/HP/Downloads/SalesOS_ProJ/frontend/src/app/forgot-password/forgot-password-page.test.tsx"},{"assertionResults":[{"ancestorTitles":["LoginPage"],"fullName":"LoginPage renders login form with heading, email, password fields and sign-in button","status":"passed","title":"renders login form with heading, email, password fields and sign-in button","duration":459.03909999999996,"failureMessages":[],"meta":{}},{"ancestorTitles":["LoginPage"],"fullName":"LoginPage renders Continue with Google button","status":"passed","title":"renders Continue with Google button","duration":87.67289999999957,"failureMessages":[],"meta":{}},{"ancestorTitles":["LoginPage"],"fullName":"LoginPage renders forgot password link pointing to /forgot-password","status":"passed","title":"renders forgot password link pointing to /forgot-password","duration":79.9368999999997,"failureMessages":[],"meta":{}},{"ancestorTitles":["LoginPage"],"fullName":"LoginPage renders sign-up link pointing to /signup","status":"passed","title":"renders sign-up link pointing to /signup","duration":280.2456000000002,"failureMessages":[],"meta":{}},{"ancestorTitles":["LoginPage"],"fullName":"LoginPage submits credentials successfully and redirects to /","status":"passed","title":"submits credentials successfully and redirects to /","duration":230.07470000000012,"failureMessages":[],"meta":{}},{"ancestorTitles":["LoginPage"],"fullName":"LoginPage shows friendly error message on invalid credentials","status":"passed","title":"shows friendly error message on invalid credentials","duration":256.8923999999988,"failureMessages":[],"meta":{}},{"ancestorTitles":["LoginPage"],"fullName":"LoginPage initiates Google OAuth with correct redirectTo on button click","status":"passed","title":"initiates Google OAuth with correct redirectTo on button click","duration":87.04020000000128,"failureMessages":[],"meta":{}},{"ancestorTitles":["LoginPage"],"fullName":"LoginPage displays URL error param as alert on render","status":"passed","title":"displays URL error param as alert on render","duration":0.34250000000065484,"failureMessages":[],"meta":{}}],"startTime":1788760686487,"endTime":1788760687969.3425,"status":"passed","message":"","name":"C:/Users/HP/Downloads/SalesOS_ProJ/frontend/src/app/login/login-page.test.tsx"},{"assertionResults":[{"ancestorTitles":["SignupPage"],"fullName":"SignupPage renders signup form with all required fields and Google button","status":"passed","title":"renders signup form with all required fields and Google button","duration":534.9756000000007,"failureMessages":[],"meta":{}},{"ancestorTitles":["SignupPage"],"fullName":"SignupPage shows error when passwords do not match","status":"passed","title":"shows error when passwords do not match","duration":318.21100000000024,"failureMessages":[],"meta":{}},{"ancestorTitles":["SignupPage"],"fullName":"SignupPage shows error when password is too short","status":"passed","title":"shows error when password is too short","duration":135.04500000000007,"failureMessages":[],"meta":{}},{"ancestorTitles":["SignupPage"],"fullName":"SignupPage shows email confirmation state when signup requires email verification","status":"passed","title":"shows email confirmation state when signup requires email verification","duration":296.3645000000006,"failureMessages":[],"meta":{}},{"ancestorTitles":["SignupPage"],"fullName":"SignupPage redirects to dashboard when email confirmation is disabled (session returned)","status":"passed","title":"redirects to dashboard when email confirmation is disabled (session returned)","duration":342.4326999999994,"failureMessages":[],"meta":{}},{"ancestorTitles":["SignupPage"],"fullName":"SignupPage displays friendly error when email already registered","status":"passed","title":"displays friendly error when email already registered","duration":206.35959999999977,"failureMessages":[],"meta":{}}],"startTime":1788760686429,"endTime":1788760688263.3596,"status":"passed","message":"","name":"C:/Users/HP/Downloads/SalesOS_ProJ/frontend/src/app/signup/signup-page.test.tsx"},{"assertionResults":[{"ancestorTitles":["approvals API client"],"fullName":"approvals API client fetches approval queue items with query filters","status":"passed","title":"fetches approval queue items with query filters","duration":28.390399999999318,"failureMessages":[],"meta":{}},{"ancestorTitles":["approvals API client"],"fullName":"approvals API client fetches detailed approval item context","status":"passed","title":"fetches detailed approval item context","duration":2.7082000000000335,"failureMessages":[],"meta":{}},{"ancestorTitles":["approvals API client"],"fullName":"approvals API client triggers approve action with reviewer notes","status":"passed","title":"triggers approve action with reviewer notes","duration":4.867400000000089,"failureMessages":[],"meta":{}},{"ancestorTitles":["approvals API client"],"fullName":"approvals API client triggers reject action with reviewer reason","status":"passed","title":"triggers reject action with reviewer reason","duration":2.730500000000575,"failureMessages":[],"meta":{}},{"ancestorTitles":["approvals API client"],"fullName":"approvals API client triggers return-to-draft action","status":"passed","title":"triggers return-to-draft action","duration":2.4099999999998545,"failureMessages":[],"meta":{}}],"startTime":1788760685654,"endTime":1788760685695.41,"status":"passed","message":"","name":"C:/Users/HP/Downloads/SalesOS_ProJ/frontend/src/lib/api/approvals.test.ts"},{"assertionResults":[{"ancestorTitles":["Conversations API Client"],"fullName":"Conversations API Client fetchConversations requests GET /api/v1/conversations with parameters","status":"passed","title":"fetchConversations requests GET /api/v1/conversations with parameters","duration":47.433899999999994,"failureMessages":[],"meta":{}},{"ancestorTitles":["Conversations API Client"],"fullName":"Conversations API Client fetchConversationDetail requests GET /api/v1/conversations/:id","status":"passed","title":"fetchConversationDetail requests GET /api/v1/conversations/:id","duration":2.7082000000000335,"failureMessages":[],"meta":{}},{"ancestorTitles":["Conversations API Client"],"fullName":"Conversations API Client ingestInboundReply sends POST to /api/v1/conversations/simulate","status":"passed","title":"ingestInboundReply sends POST to /api/v1/conversations/simulate","duration":21.84979999999996,"failureMessages":[],"meta":{}},{"ancestorTitles":["Conversations API Client"],"fullName":"Conversations API Client reclassifyConversation sends POST to classify action endpoint","status":"passed","title":"reclassifyConversation sends POST to classify action endpoint","duration":15.872599999999693,"failureMessages":[],"meta":{}},{"ancestorTitles":["Conversations API Client"],"fullName":"Conversations API Client updateConversationStatus sends POST to status action endpoint","status":"passed","title":"updateConversationStatus sends POST to status action endpoint","duration":63.0027999999993,"failureMessages":[],"meta":{}}],"startTime":1788760693011,"endTime":1788760693162.0027,"status":"passed","message":"","name":"C:/Users/HP/Downloads/SalesOS_ProJ/frontend/src/lib/api/conversations.test.ts"},{"assertionResults":[{"ancestorTitles":["Deliveries API Client"],"fullName":"Deliveries API Client createDelivery sends POST request to /api/v1/deliveries with workspace header","status":"passed","title":"createDelivery sends POST request to /api/v1/deliveries with workspace header","duration":26.525700000000143,"failureMessages":[],"meta":{}},{"ancestorTitles":["Deliveries API Client"],"fullName":"Deliveries API Client fetchDeliveries sends GET request to /api/v1/deliveries with workspace header and filter params","status":"passed","title":"fetchDeliveries sends GET request to /api/v1/deliveries with workspace header and filter params","duration":6.003600000000006,"failureMessages":[],"meta":{}},{"ancestorTitles":["Deliveries API Client"],"fullName":"Deliveries API Client fetchDeliveryDetail sends GET request for specific delivery ID","status":"passed","title":"fetchDeliveryDetail sends GET request for specific delivery ID","duration":2.44170000000031,"failureMessages":[],"meta":{}},{"ancestorTitles":["Deliveries API Client"],"fullName":"Deliveries API Client cancelDelivery sends POST request to cancel action endpoint","status":"passed","title":"cancelDelivery sends POST request to cancel action endpoint","duration":3.576799999999821,"failureMessages":[],"meta":{}}],"startTime":1788760694166,"endTime":1788760694204.577,"status":"passed","message":"","name":"C:/Users/HP/Downloads/SalesOS_ProJ/frontend/src/lib/api/deliveries.test.ts"},{"assertionResults":[{"ancestorTitles":["HubSpot API Client"],"fullName":"HubSpot API Client fetchHubspotStatus requests GET /api/v1/integrations/hubspot","status":"passed","title":"fetchHubspotStatus requests GET /api/v1/integrations/hubspot","duration":43.099199999999655,"failureMessages":[],"meta":{}},{"ancestorTitles":["HubSpot API Client"],"fullName":"HubSpot API Client authorizeHubspot sends POST to /api/v1/integrations/hubspot/actions/authorize","status":"passed","title":"authorizeHubspot sends POST to /api/v1/integrations/hubspot/actions/authorize","duration":12.994200000000092,"failureMessages":[],"meta":{}},{"ancestorTitles":["HubSpot API Client"],"fullName":"HubSpot API Client disconnectHubspot sends POST to /api/v1/integrations/hubspot/actions/disconnect","status":"passed","title":"disconnectHubspot sends POST to /api/v1/integrations/hubspot/actions/disconnect","duration":2.712999999999738,"failureMessages":[],"meta":{}},{"ancestorTitles":["HubSpot API Client"],"fullName":"HubSpot API Client triggerHubspotSync sends POST to /api/v1/integrations/hubspot/actions/sync","status":"passed","title":"triggerHubspotSync sends POST to /api/v1/integrations/hubspot/actions/sync","duration":2.0388999999995576,"failureMessages":[],"meta":{}},{"ancestorTitles":["HubSpot API Client"],"fullName":"HubSpot API Client fetchHubspotSyncRuns and fetchHubspotSyncRunDetail execute history endpoints","status":"passed","title":"fetchHubspotSyncRuns and fetchHubspotSyncRunDetail execute history endpoints","duration":14.1291999999994,"failureMessages":[],"meta":{}}],"startTime":1788760693839,"endTime":1788760693915.1292,"status":"passed","message":"","name":"C:/Users/HP/Downloads/SalesOS_ProJ/frontend/src/lib/api/hubspot.test.ts"},{"assertionResults":[{"ancestorTitles":["outreach API client"],"fullName":"outreach API client fetches outreach drafts list with workspace header","status":"passed","title":"fetches outreach drafts list with workspace header","duration":132.46869999999944,"failureMessages":[],"meta":{}},{"ancestorTitles":["outreach API client"],"fullName":"outreach API client triggers AI outreach draft generation action","status":"passed","title":"triggers AI outreach draft generation action","duration":14.853000000000065,"failureMessages":[],"meta":{}},{"ancestorTitles":["outreach API client"],"fullName":"outreach API client creates an outreach draft","status":"passed","title":"creates an outreach draft","duration":2.7929000000003725,"failureMessages":[],"meta":{}},{"ancestorTitles":["outreach API client"],"fullName":"outreach API client creates a campaign-free outreach draft","status":"passed","title":"creates a campaign-free outreach draft","duration":10.480000000000473,"failureMessages":[],"meta":{}},{"ancestorTitles":["outreach API client"],"fullName":"outreach API client revises an outreach draft","status":"passed","title":"revises an outreach draft","duration":3.137399999999616,"failureMessages":[],"meta":{}},{"ancestorTitles":["outreach API client"],"fullName":"outreach API client executes status transition actions","status":"passed","title":"executes status transition actions","duration":6.556599999999889,"failureMessages":[],"meta":{}}],"startTime":1788760685702,"endTime":1788760685873.5566,"status":"passed","message":"","name":"C:/Users/HP/Downloads/SalesOS_ProJ/frontend/src/lib/api/outreach.test.ts"},{"assertionResults":[{"ancestorTitles":["Reports API Client"],"fullName":"Reports API Client fetchWeeklyReportsList requests GET /api/v1/reports/weekly","status":"passed","title":"fetchWeeklyReportsList requests GET /api/v1/reports/weekly","duration":34.23239999999987,"failureMessages":[],"meta":{}},{"ancestorTitles":["Reports API Client"],"fullName":"Reports API Client fetchWeeklyReportDetail requests GET /api/v1/reports/weekly/:id","status":"passed","title":"fetchWeeklyReportDetail requests GET /api/v1/reports/weekly/:id","duration":8.76550000000043,"failureMessages":[],"meta":{}},{"ancestorTitles":["Reports API Client"],"fullName":"Reports API Client generateWeeklyReport sends POST to /api/v1/reports/weekly/actions/generate","status":"passed","title":"generateWeeklyReport sends POST to /api/v1/reports/weekly/actions/generate","duration":2.814400000000205,"failureMessages":[],"meta":{}}],"startTime":1788760697878,"endTime":1788760697924.8145,"status":"passed","message":"","name":"C:/Users/HP/Downloads/SalesOS_ProJ/frontend/src/lib/api/reports.test.ts"},{"assertionResults":[{"ancestorTitles":["Sequences API Client"],"fullName":"Sequences API Client fetchCampaignSequence requests GET /api/v1/campaigns/:id/sequences","status":"passed","title":"fetchCampaignSequence requests GET /api/v1/campaigns/:id/sequences","duration":41.58059999999932,"failureMessages":[],"meta":{}},{"ancestorTitles":["Sequences API Client"],"fullName":"Sequences API Client saveCampaignSequence sends POST to /api/v1/campaigns/:id/sequences","status":"passed","title":"saveCampaignSequence sends POST to /api/v1/campaigns/:id/sequences","duration":2.941899999999805,"failureMessages":[],"meta":{}},{"ancestorTitles":["Sequences API Client"],"fullName":"Sequences API Client enrollContactInSequence sends POST to /api/v1/sequence-enrollments","status":"passed","title":"enrollContactInSequence sends POST to /api/v1/sequence-enrollments","duration":2.6030000000000655,"failureMessages":[],"meta":{}},{"ancestorTitles":["Sequences API Client"],"fullName":"Sequences API Client fetchSequenceEnrollments requests GET /api/v1/sequence-enrollments with parameters","status":"passed","title":"fetchSequenceEnrollments requests GET /api/v1/sequence-enrollments with parameters","duration":6.2992999999996755,"failureMessages":[],"meta":{}},{"ancestorTitles":["Sequences API Client"],"fullName":"Sequences API Client pauseEnrollment, resumeEnrollment, and stopEnrollment execute action endpoints","status":"passed","title":"pauseEnrollment, resumeEnrollment, and stopEnrollment execute action endpoints","duration":5.443999999999505,"failureMessages":[],"meta":{}}],"startTime":1788760691216,"endTime":1788760691275.444,"status":"passed","message":"","name":"C:/Users/HP/Downloads/SalesOS_ProJ/frontend/src/lib/api/sequences.test.ts"},{"assertionResults":[{"ancestorTitles":["AccountStatusBadge Component"],"fullName":"AccountStatusBadge Component renders target status badge correctly","status":"passed","title":"renders target status badge correctly","duration":120.03960000000006,"failureMessages":[],"meta":{}},{"ancestorTitles":["AccountStatusBadge Component"],"fullName":"AccountStatusBadge Component renders qualified status badge correctly","status":"passed","title":"renders qualified status badge correctly","duration":26.016900000000533,"failureMessages":[],"meta":{}},{"ancestorTitles":["AccountStatusBadge Component"],"fullName":"AccountStatusBadge Component renders disqualified status badge correctly","status":"passed","title":"renders disqualified status badge correctly","duration":31.044599999999264,"failureMessages":[],"meta":{}},{"ancestorTitles":["AccountStatusBadge Component"],"fullName":"AccountStatusBadge Component renders archived status badge correctly","status":"passed","title":"renders archived status badge correctly","duration":42.26310000000012,"failureMessages":[],"meta":{}}],"startTime":1788760702534,"endTime":1788760702754.2632,"status":"passed","message":"","name":"C:/Users/HP/Downloads/SalesOS_ProJ/frontend/src/components/accounts/accounts.test.tsx"},{"assertionResults":[{"ancestorTitles":["GoogleButton"],"fullName":"GoogleButton renders Continue with Google button","status":"passed","title":"renders Continue with Google button","duration":436.1947,"failureMessages":[],"meta":{}},{"ancestorTitles":["GoogleButton"],"fullName":"GoogleButton is not disabled by default","status":"passed","title":"is not disabled by default","duration":37.512799999999515,"failureMessages":[],"meta":{}},{"ancestorTitles":["GoogleButton"],"fullName":"GoogleButton calls signInWithOAuth with correct provider and redirectTo","status":"passed","title":"calls signInWithOAuth with correct provider and redirectTo","duration":95.79069999999956,"failureMessages":[],"meta":{}}],"startTime":1788760700117,"endTime":1788760700686.7908,"status":"passed","message":"","name":"C:/Users/HP/Downloads/SalesOS_ProJ/frontend/src/components/auth/google-button.test.tsx"},{"assertionResults":[{"ancestorTitles":["getPasswordStrength"],"fullName":"getPasswordStrength returns score 0 and empty label for empty password","status":"passed","title":"returns score 0 and empty label for empty password","duration":2.713999999999942,"failureMessages":[],"meta":{}},{"ancestorTitles":["getPasswordStrength"],"fullName":"getPasswordStrength scores 1 (Weak) for only lowercase, short password","status":"passed","title":"scores 1 (Weak) for only lowercase, short password","duration":0.7187000000003536,"failureMessages":[],"meta":{}},{"ancestorTitles":["getPasswordStrength"],"fullName":"getPasswordStrength scores 2 (Fair) for lowercase + uppercase","status":"passed","title":"scores 2 (Fair) for lowercase + uppercase","duration":1.0338000000001557,"failureMessages":[],"meta":{}},{"ancestorTitles":["getPasswordStrength"],"fullName":"getPasswordStrength scores 4 (Strong) for length>=8 + upper + lower + number","status":"passed","title":"scores 4 (Strong) for length>=8 + upper + lower + number","duration":0.6031000000002678,"failureMessages":[],"meta":{}},{"ancestorTitles":["getPasswordStrength"],"fullName":"getPasswordStrength scores 5 (Strong) for all criteria met","status":"passed","title":"scores 5 (Strong) for all criteria met","duration":0.5248000000001412,"failureMessages":[],"meta":{}},{"ancestorTitles":["PasswordStrength component"],"fullName":"PasswordStrength component renders nothing when password is empty","status":"passed","title":"renders nothing when password is empty","duration":45.29910000000018,"failureMessages":[],"meta":{}},{"ancestorTitles":["PasswordStrength component"],"fullName":"PasswordStrength component renders Weak label for simple short password","status":"passed","title":"renders Weak label for simple short password","duration":143.53099999999995,"failureMessages":[],"meta":{}},{"ancestorTitles":["PasswordStrength component"],"fullName":"PasswordStrength component renders Strong label for complex password","status":"passed","title":"renders Strong label for complex password","duration":12.958800000000338,"failureMessages":[],"meta":{}},{"ancestorTitles":["PasswordStrength component"],"fullName":"PasswordStrength component renders strength bar segments","status":"passed","title":"renders strength bar segments","duration":16.674700000000485,"failureMessages":[],"meta":{}}],"startTime":1788760697663,"endTime":1788760697888.6748,"status":"passed","message":"","name":"C:/Users/HP/Downloads/SalesOS_ProJ/frontend/src/components/auth/password-strength.test.tsx"},{"assertionResults":[{"ancestorTitles":["SignOutButton"],"fullName":"SignOutButton renders sign out button and triggers signOut on click","status":"passed","title":"renders sign out button and triggers signOut on click","duration":536.7075999999997,"failureMessages":[],"meta":{}}],"startTime":1788760700307,"endTime":1788760700843.7075,"status":"passed","message":"","name":"C:/Users/HP/Downloads/SalesOS_ProJ/frontend/src/components/auth/sign-out-button.test.tsx"},{"assertionResults":[{"ancestorTitles":["CampaignStatusBadge Component"],"fullName":"CampaignStatusBadge Component renders draft status badge correctly","status":"passed","title":"renders draft status badge correctly","duration":76.60130000000026,"failureMessages":[],"meta":{}},{"ancestorTitles":["CampaignStatusBadge Component"],"fullName":"CampaignStatusBadge Component renders active status badge correctly","status":"passed","title":"renders active status badge correctly","duration":8.637699999999313,"failureMessages":[],"meta":{}},{"ancestorTitles":["CampaignStatusBadge Component"],"fullName":"CampaignStatusBadge Component renders paused status badge correctly","status":"passed","title":"renders paused status badge correctly","duration":19.09780000000046,"failureMessages":[],"meta":{}},{"ancestorTitles":["CampaignStatusBadge Component"],"fullName":"CampaignStatusBadge Component renders archived status badge correctly","status":"passed","title":"renders archived status badge correctly","duration":49.61999999999989,"failureMessages":[],"meta":{}}],"startTime":1788760704441,"endTime":1788760704595.62,"status":"passed","message":"","name":"C:/Users/HP/Downloads/SalesOS_ProJ/frontend/src/components/campaigns/campaigns.test.tsx"},{"assertionResults":[{"ancestorTitles":["ContactStatusBadge Component"],"fullName":"ContactStatusBadge Component renders active status badge correctly","status":"passed","title":"renders active status badge correctly","duration":78.77940000000035,"failureMessages":[],"meta":{}},{"ancestorTitles":["ContactStatusBadge Component"],"fullName":"ContactStatusBadge Component renders unresponsive status badge correctly","status":"passed","title":"renders unresponsive status badge correctly","duration":37.06490000000031,"failureMessages":[],"meta":{}},{"ancestorTitles":["ContactStatusBadge Component"],"fullName":"ContactStatusBadge Component renders opted out status badge correctly","status":"passed","title":"renders opted out status badge correctly","duration":7.9296000000003914,"failureMessages":[],"meta":{}},{"ancestorTitles":["ContactStatusBadge Component"],"fullName":"ContactStatusBadge Component renders archived status badge correctly","status":"passed","title":"renders archived status badge correctly","duration":13.07300000000032,"failureMessages":[],"meta":{}}],"startTime":1788760704340,"endTime":1788760704477.073,"status":"passed","message":"","name":"C:/Users/HP/Downloads/SalesOS_ProJ/frontend/src/components/contacts/contacts.test.tsx"},{"assertionResults":[{"ancestorTitles":["DeliveryActionModal"],"fullName":"DeliveryActionModal renders when isOpen is true","status":"passed","title":"renders when isOpen is true","duration":293.3019999999997,"failureMessages":[],"meta":{}},{"ancestorTitles":["DeliveryActionModal"],"fullName":"DeliveryActionModal does not render when isOpen is false","status":"passed","title":"does not render when isOpen is false","duration":21.171000000000276,"failureMessages":[],"meta":{}},{"ancestorTitles":["DeliveryActionModal"],"fullName":"DeliveryActionModal calls onConfirm with null if no test email is provided (live send)","status":"passed","title":"calls onConfirm with null if no test email is provided (live send)","duration":493.22059999999965,"failureMessages":[],"meta":{}},{"ancestorTitles":["DeliveryActionModal"],"fullName":"DeliveryActionModal calls onConfirm with the test email if provided (test send)","status":"passed","title":"calls onConfirm with the test email if provided (test send)","duration":177.5700999999999,"failureMessages":[],"meta":{}},{"ancestorTitles":["DeliveryActionModal"],"fullName":"DeliveryActionModal disables buttons and shows loading state during submission","status":"passed","title":"disables buttons and shows loading state during submission","duration":129.97969999999987,"failureMessages":[],"meta":{}},{"ancestorTitles":["DeliveryActionModal"],"fullName":"DeliveryActionModal displays error message if submission fails","status":"passed","title":"displays error message if submission fails","duration":216.53130000000056,"failureMessages":[],"meta":{}}],"startTime":1788760685998,"endTime":1788760687330.5312,"status":"passed","message":"","name":"C:/Users/HP/Downloads/SalesOS_ProJ/frontend/src/components/deliveries/delivery-action-modal.test.tsx"},{"assertionResults":[{"ancestorTitles":["ConversationsPage - Add Test Reply"],"fullName":"ConversationsPage - Add Test Reply opens add test reply modal when button is clicked","status":"passed","title":"opens add test reply modal when button is clicked","duration":863.5544,"failureMessages":[],"meta":{}},{"ancestorTitles":["ConversationsPage - Add Test Reply"],"fullName":"ConversationsPage - Add Test Reply disables submit button and shows loading state while processing","status":"passed","title":"disables submit button and shows loading state while processing","duration":920.1793999999991,"failureMessages":[],"meta":{}},{"ancestorTitles":["ConversationsPage - Add Test Reply"],"fullName":"ConversationsPage - Add Test Reply displays error message inside the modal when ingestion fails and keeps modal open","status":"passed","title":"displays error message inside the modal when ingestion fails and keeps modal open","duration":595.0396999999994,"failureMessages":[],"meta":{}}],"startTime":1788760686717,"endTime":1788760689097.0398,"status":"passed","message":"","name":"C:/Users/HP/Downloads/SalesOS_ProJ/frontend/src/components/inbox/replies-tab.test.tsx"},{"assertionResults":[{"ancestorTitles":["Breadcrumbs Component"],"fullName":"Breadcrumbs Component renders home and current route segment accurately","status":"passed","title":"renders home and current route segment accurately","duration":118.85019999999986,"failureMessages":[],"meta":{}},{"ancestorTitles":["Breadcrumbs Component"],"fullName":"Breadcrumbs Component hides raw conversation UUID and displays Thread","status":"passed","title":"hides raw conversation UUID and displays Thread","duration":52.08510000000024,"failureMessages":[],"meta":{}},{"ancestorTitles":["Breadcrumbs Component"],"fullName":"Breadcrumbs Component displays prospect name instead of contact UUID when override is set","status":"passed","title":"displays prospect name instead of contact UUID when override is set","duration":117.14019999999982,"failureMessages":[],"meta":{}},{"ancestorTitles":["Breadcrumbs Component"],"fullName":"Breadcrumbs Component hides raw approval draft UUID and displays Review","status":"passed","title":"hides raw approval draft UUID and displays Review","duration":85.00759999999991,"failureMessages":[],"meta":{}}],"startTime":1788760695393,"endTime":1788760695766.0076,"status":"passed","message":"","name":"C:/Users/HP/Downloads/SalesOS_ProJ/frontend/src/components/layout/breadcrumbs.test.tsx"},{"assertionResults":[{"ancestorTitles":["Sidebar Component"],"fullName":"Sidebar Component renders all navigation item placeholders and highlights active route","status":"passed","title":"renders all navigation item placeholders and highlights active route","duration":618.0965000000006,"failureMessages":[],"meta":{}}],"startTime":1788760706994,"endTime":1788760707612.0964,"status":"passed","message":"","name":"C:/Users/HP/Downloads/SalesOS_ProJ/frontend/src/components/layout/sidebar.test.tsx"},{"assertionResults":[{"ancestorTitles":["ResearchStatusBadge Component"],"fullName":"ResearchStatusBadge Component renders pending status badge correctly","status":"passed","title":"renders pending status badge correctly","duration":93.27160000000003,"failureMessages":[],"meta":{}},{"ancestorTitles":["ResearchStatusBadge Component"],"fullName":"ResearchStatusBadge Component renders in_progress status badge correctly","status":"passed","title":"renders in_progress status badge correctly","duration":11.156600000000253,"failureMessages":[],"meta":{}},{"ancestorTitles":["ResearchStatusBadge Component"],"fullName":"ResearchStatusBadge Component renders completed status badge correctly","status":"passed","title":"renders completed status badge correctly","duration":7.576900000000023,"failureMessages":[],"meta":{}},{"ancestorTitles":["ResearchStatusBadge Component"],"fullName":"ResearchStatusBadge Component renders failed status badge correctly","status":"passed","title":"renders failed status badge correctly","duration":5.065499999999702,"failureMessages":[],"meta":{}}],"startTime":1788760701027,"endTime":1788760701144.0654,"status":"passed","message":"","name":"C:/Users/HP/Downloads/SalesOS_ProJ/frontend/src/components/research/research.test.tsx"},{"assertionResults":[{"ancestorTitles":["Button"],"fullName":"Button renders its label","status":"passed","title":"renders its label","duration":280.83190000000013,"failureMessages":[],"meta":{}}],"startTime":1788760706623,"endTime":1788760706903.8318,"status":"passed","message":"","name":"C:/Users/HP/Downloads/SalesOS_ProJ/frontend/src/components/ui/button.test.tsx"},{"assertionResults":[{"ancestorTitles":["WorkspaceSwitcher Component"],"fullName":"WorkspaceSwitcher Component renders workspace switcher dropdown with accessible options","status":"passed","title":"renders workspace switcher dropdown with accessible options","duration":407.4339,"failureMessages":[],"meta":{}}],"startTime":1788760700699,"endTime":1788760701106.4338,"status":"passed","message":"","name":"C:/Users/HP/Downloads/SalesOS_ProJ/frontend/src/components/workspace/workspace-switcher.test.tsx"},{"assertionResults":[{"ancestorTitles":["OAuth Callback Route Handler"],"fullName":"OAuth Callback Route Handler exchanges code for session when code parameter is present","status":"passed","title":"exchanges code for session when code parameter is present","duration":24.80540000000019,"failureMessages":[],"meta":{}},{"ancestorTitles":["OAuth Callback Route Handler"],"fullName":"OAuth Callback Route Handler redirects to home without code exchange when code is missing","status":"passed","title":"redirects to home without code exchange when code is missing","duration":7.515000000000327,"failureMessages":[],"meta":{}},{"ancestorTitles":["OAuth Callback Route Handler"],"fullName":"OAuth Callback Route Handler redirects to /login with error when OAuth error param is present","status":"passed","title":"redirects to /login with error when OAuth error param is present","duration":6.1513999999997395,"failureMessages":[],"meta":{}},{"ancestorTitles":["OAuth Callback Route Handler"],"fullName":"OAuth Callback Route Handler redirects to /login with error when code exchange fails","status":"passed","title":"redirects to /login with error when code exchange fails","duration":5.005600000000413,"failureMessages":[],"meta":{}},{"ancestorTitles":["OAuth Callback Route Handler"],"fullName":"OAuth Callback Route Handler redirects to custom ?next= path after successful code exchange","status":"passed","title":"redirects to custom ?next= path after successful code exchange","duration":5.27559999999994,"failureMessages":[],"meta":{}},{"ancestorTitles":["OAuth Callback Route Handler"],"fullName":"OAuth Callback Route Handler ignores unsafe ?next= value and redirects to /","status":"passed","title":"ignores unsafe ?next= value and redirects to /","duration":3.5893999999998414,"failureMessages":[],"meta":{}}],"startTime":1788760691776,"endTime":1788760691828.5894,"status":"passed","message":"","name":"C:/Users/HP/Downloads/SalesOS_ProJ/frontend/src/app/auth/callback/route.test.ts"}]}